This file contains any messages produced by compilers while
running configure, to aid debugging if configure makes a mistake.

It was created by configure, which was
generated by GNU Autoconf 2.60.  Invocation command line was

  $ ./configure --prefix=/home/minoru/src/github.com/lindera-morphology/lindera/lindera-ipadic-neologd/resources/mecab-ipadic-neologd-0.0.7/tmp --with-charset=utf8

## --------- ##
## Platform. ##
## --------- ##

hostname = thinkpad
uname -m = x86_64
uname -r = 5.15.90.1-microsoft-standard-WSL2
uname -s = Linux
uname -v = #1 SMP Fri Jan 27 02:56:13 UTC 2023

/usr/bin/uname -p = x86_64
/bin/uname -X     = unknown

/bin/arch              = x86_64
/usr/bin/arch -k       = unknown
/usr/convex/getsysinfo = unknown
/usr/bin/hostinfo      = unknown
/bin/machine           = unknown
/usr/bin/oslevel       = unknown
/bin/universe          = unknown

PATH: /home/minoru/.vscode-server/bin/b3e4e68a0bc097f0ae7907b217c1119af9e03435/bin/remote-cli
PATH: /home/minoru/bin
PATH: /home/minoru/.cargo/bin
PATH: /usr/local/sbin
PATH: /usr/local/bin
PATH: /usr/sbin
PATH: /usr/bin
PATH: /sbin
PATH: /bin
PATH: /usr/games
PATH: /usr/local/games
PATH: /usr/lib/wsl/lib
PATH: /mnt/c/WINDOWS/system32
PATH: /mnt/c/WINDOWS
PATH: /mnt/c/WINDOWS/System32/Wbem
PATH: /mnt/c/WINDOWS/System32/WindowsPowerShell/v1.0/
PATH: /mnt/c/WINDOWS/System32/OpenSSH/
PATH: /mnt/c/Users/mosuk/AppData/Local/Microsoft/WindowsApps
PATH: /mnt/c/Users/mosuk/AppData/Local/Programs/Microsoft VS Code/bin
PATH: /snap/bin


## ----------- ##
## Core tests. ##
## ----------- ##

configure:1668: checking for a BSD-compatible install
configure:1724: result: /usr/bin/install -c
configure:1735: checking whether build environment is sane
configure:1778: result: yes
configure:1793: checking whether make sets $(MAKE)
configure:1814: result: yes
configure:1846: checking for working aclocal-1.4
configure:1857: result: missing
configure:1861: checking for working autoconf
configure:1872: result: missing
configure:1876: checking for working automake-1.4
configure:1887: result: missing
configure:1891: checking for working autoheader
configure:1902: result: missing
configure:1906: checking for working makeinfo
configure:1917: result: missing
configure:1935: checking for a BSD-compatible install
configure:1991: result: /usr/bin/install -c
configure:2027: checking for mecab-config
configure:2045: found /usr/bin/mecab-config
configure:2057: result: /usr/bin/mecab-config
configure:2238: creating ./config.status

## ---------------------- ##
## Running config.status. ##
## ---------------------- ##

This file was extended by config.status, which was
generated by GNU Autoconf 2.60.  Invocation command line was

  CONFIG_FILES    = 
  CONFIG_HEADERS  = 
  CONFIG_LINKS    = 
  CONFIG_COMMANDS = 
  $ ./config.status 

on thinkpad

config.status:571: creating Makefile

## ---------------- ##
## Cache variables. ##
## ---------------- ##

ac_cv_env_build_alias_set=
ac_cv_env_build_alias_value=
ac_cv_env_host_alias_set=
ac_cv_env_host_alias_value=
ac_cv_env_target_alias_set=
ac_cv_env_target_alias_value=
ac_cv_path_MECAB_CONFIG=/usr/bin/mecab-config
ac_cv_path_install='/usr/bin/install -c'
ac_cv_prog_make_make_set=yes

## ----------------- ##
## Output variables. ##
## ----------------- ##

ACLOCAL='/home/minoru/src/github.com/lindera-morphology/lindera/lindera-ipadic-neologd/resources/mecab-ipadic-neologd-0.0.7/build/mecab-ipadic-2.7.0-20070801-neologd-20200820/missing aclocal-1.4'
AUTOCONF='/home/minoru/src/github.com/lindera-morphology/lindera/lindera-ipadic-neologd/resources/mecab-ipadic-neologd-0.0.7/build/mecab-ipadic-2.7.0-20070801-neologd-20200820/missing autoconf'
AUTOHEADER='/home/minoru/src/github.com/lindera-morphology/lindera/lindera-ipadic-neologd/resources/mecab-ipadic-neologd-0.0.7/build/mecab-ipadic-2.7.0-20070801-neologd-20200820/missing autoheader'
AUTOMAKE='/home/minoru/src/github.com/lindera-morphology/lindera/lindera-ipadic-neologd/resources/mecab-ipadic-neologd-0.0.7/build/mecab-ipadic-2.7.0-20070801-neologd-20200820/missing automake-1.4'
CHARSET='utf8'
DEFS='-DPACKAGE_NAME=\"\" -DPACKAGE_TARNAME=\"\" -DPACKAGE_VERSION=\"\" -DPACKAGE_STRING=\"\" -DPACKAGE_BUGREPORT=\"\" -DPACKAGE=\"mecab-ipadic\" -DVERSION=\"2.7.0-20070801\"'
ECHO_C=''
ECHO_N='-n'
ECHO_T=''
INSTALL_DATA='${INSTALL} -m 644'
INSTALL_PROGRAM='${INSTALL}'
INSTALL_SCRIPT='${INSTALL}'
LIBOBJS=''
LIBS='-liconv'
LTLIBOBJS=''
MAKEINFO='/home/minoru/src/github.com/lindera-morphology/lindera/lindera-ipadic-neologd/resources/mecab-ipadic-neologd-0.0.7/build/mecab-ipadic-2.7.0-20070801-neologd-20200820/missing makeinfo'
MECAB_CONFIG='/usr/bin/mecab-config'
MECAB_DICDIR='/usr/lib/x86_64-linux-gnu/mecab/dic/ipadic'
MECAB_DICT_INDEX='/usr/lib/mecab/mecab-dict-index'
MECAB_GENDATA='matrix.bin char.bin sys.dic unk.dic'
MECAB_LEXICAL_DIC='Adj.csv Adnominal.csv Adverb.csv Auxil.csv Conjunction.csv Filler.csv Interjection.csv Noun.adjv.csv Noun.adverbal.csv Noun.csv Noun.demonst.csv Noun.nai.csv Noun.name.csv Noun.number.csv Noun.org.csv Noun.others.csv Noun.place.csv Noun.proper.csv Noun.verbal.csv Others.csv Postp-col.csv Postp.csv Prefix.csv Suffix.csv Symbol.csv Verb.csv'
MECAB_MECABRC='/etc/mecabrc'
MECAB_PREDATA='char.def feature.def left-id.def matrix.def pos-id.def rewrite.def right-id.def unk.def dicrc'
PACKAGE='mecab-ipadic'
PACKAGE_BUGREPORT=''
PACKAGE_NAME=''
PACKAGE_STRING=''
PACKAGE_TARNAME=''
PACKAGE_VERSION=''
PATH_SEPARATOR=':'
SET_MAKE=''
SHELL='/bin/bash'
VERSION='2.7.0-20070801'
bindir='${exec_prefix}/bin'
build_alias=''
datadir='${datarootdir}'
datarootdir='${prefix}/share'
docdir='${datarootdir}/doc/${PACKAGE}'
dvidir='${docdir}'
exec_prefix='${prefix}'
host_alias=''
htmldir='${docdir}'
includedir='${prefix}/include'
infodir='${datarootdir}/info'
libdir='${exec_prefix}/lib'
libexecdir='${exec_prefix}/libexec'
localedir='${datarootdir}/locale'
localstatedir='${prefix}/var'
mandir='${datarootdir}/man'
oldincludedir='/usr/include'
pdfdir='${docdir}'
prefix='/home/minoru/src/github.com/lindera-morphology/lindera/lindera-ipadic-neologd/resources/mecab-ipadic-neologd-0.0.7/tmp'
program_transform_name='s,x,x,'
psdir='${docdir}'
sbindir='${exec_prefix}/sbin'
sharedstatedir='${prefix}/com'
sysconfdir='${prefix}/etc'
target_alias=''

## ----------- ##
## confdefs.h. ##
## ----------- ##

#define PACKAGE_NAME ""
#define PACKAGE_TARNAME ""
#define PACKAGE_VERSION ""
#define PACKAGE_STRING ""
#define PACKAGE_BUGREPORT ""
#define PACKAGE "mecab-ipadic"
#define VERSION "2.7.0-20070801"

configure: exit 0
